\BOOKMARK [0][-]{chapter*.1}{\376\377\144\130\000\040\000\040\000\040\000\040\211\201}{}% 1
\BOOKMARK [0][-]{chapter*.2}{\376\377\000A\000b\000s\000t\000r\000a\000c\000t}{}% 2
\BOOKMARK [0][-]{chapter.1}{\376\377\137\025\212\000}{}% 3
\BOOKMARK [1][-]{section.1.1}{\376\377\213\376\230\230\200\314\146\157}{chapter.1}% 4
\BOOKMARK [1][-]{section.1.2}{\376\377\166\370\121\163\214\003\170\024}{chapter.1}% 5
\BOOKMARK [2][-]{subsection.1.2.1}{\376\377\123\072\127\127\224\376\116\016\146\172\200\375\124\010\176\246}{section.1.2}% 6
\BOOKMARK [2][-]{subsection.1.2.2}{\376\377\127\060\164\006\145\160\143\156\210\150\171\072}{section.1.2}% 7
\BOOKMARK [2][-]{subsection.1.2.3}{\376\377\123\072\127\127\224\376\176\323\147\204}{section.1.2}% 8
\BOOKMARK [2][-]{subsection.1.2.4}{\376\377\213\272\145\207\166\204\170\024\172\166\121\205\133\271\123\312\215\041\163\056}{section.1.2}% 9
\BOOKMARK [0][-]{chapter.2}{\376\377\150\021\162\266\123\072\127\127\224\376}{}% 10
\BOOKMARK [1][-]{section.2.1}{\376\377\200\314\146\157\116\313\176\315}{chapter.2}% 11
\BOOKMARK [1][-]{section.2.2}{\376\377\166\370\121\163\135\345\117\134}{chapter.2}% 12
\BOOKMARK [1][-]{section.2.3}{\376\377\170\024\172\166\121\205\133\271\123\312\123\237\164\006}{chapter.2}% 13
\BOOKMARK [1][-]{section.2.4}{\376\377\150\021\162\266\123\072\127\127\224\376\166\204\131\015\163\260}{chapter.2}% 14
\BOOKMARK [1][-]{section.2.5}{\376\377\150\021\162\266\123\072\127\127\224\376\166\204\124\010\176\246\220\350\177\162\116\016\214\003\165\050}{chapter.2}% 15
\BOOKMARK [1][-]{section.2.6}{\376\377\134\017\176\323}{chapter.2}% 16
\BOOKMARK [0][-]{chapter.3}{\376\377\127\372\116\216\000G\000e\000o\000H\000a\000s\000h\166\204\127\060\126\376\117\341\140\157\133\130\120\250}{}% 17
\BOOKMARK [1][-]{section.3.1}{\376\377\166\370\121\163\142\200\147\057}{chapter.3}% 18
\BOOKMARK [2][-]{subsection.3.1.1}{\376\377\000G\000e\000o\000H\000a\000s\000h\177\026\170\001}{section.3.1}% 19
\BOOKMARK [2][-]{subsection.3.1.2}{\376\377\123\072\127\127\224\376}{section.3.1}% 20
\BOOKMARK [2][-]{subsection.3.1.3}{\376\377\000W\000e\000b\0003\000J\000s}{section.3.1}% 21
\BOOKMARK [1][-]{section.3.2}{\376\377\133\236\163\260\140\035\215\357}{chapter.3}% 22
\BOOKMARK [2][-]{subsection.3.2.1}{\376\377\145\160\143\156\217\154\143\142}{section.3.2}% 23
\BOOKMARK [2][-]{subsection.3.2.2}{\376\377\176\321\133\232\145\271\154\325}{section.3.2}% 24
\BOOKMARK [2][-]{subsection.3.2.3}{\376\377\127\060\126\376\133\130\120\250\124\010\176\246}{section.3.2}% 25
\BOOKMARK [1][-]{section.3.3}{\376\377\134\017\176\323}{chapter.3}% 26
\BOOKMARK [0][-]{chapter.4}{\376\377\127\372\116\216\000G\000e\000o\000H\000a\000s\000h\166\204\167\342\221\317\127\060\126\376\134\125\163\260}{}% 27
\BOOKMARK [1][-]{section.4.1}{\376\377\000G\000e\000o\000H\000a\000s\000h\000T\000i\000l\000e\173\200\116\313}{chapter.4}% 28
\BOOKMARK [1][-]{section.4.2}{\376\377\000G\000e\000o\000H\000a\000s\000h\000T\000i\000l\000e\147\266\147\204}{chapter.4}% 29
\BOOKMARK [1][-]{section.4.3}{\376\377\000G\000e\000o\000H\000a\000s\000h\000T\000i\000l\000e\117\030\160\271}{chapter.4}% 30
\BOOKMARK [1][-]{section.4.4}{\376\377\140\073\117\123\155\113\213\325\150\106\147\266\124\214\217\320\210\114\163\257\130\203}{chapter.4}% 31
\BOOKMARK [2][-]{subsection.4.4.1}{\376\377\155\113\213\325\163\257\130\203}{section.4.4}% 32
\BOOKMARK [2][-]{subsection.4.4.2}{\376\377\155\113\213\325\155\101\172\013}{section.4.4}% 33
\BOOKMARK [1][-]{section.4.5}{\376\377\134\017\176\323}{chapter.4}% 34
\BOOKMARK [0][-]{chapter.5}{\376\377\150\021\162\266\123\072\127\127\224\376\136\224\165\050\124\214\140\047\200\375\155\113\213\325}{}% 35
\BOOKMARK [1][-]{section.5.1}{\376\377\127\372\116\216\123\072\127\127\224\376\127\060\126\376\145\160\143\156\166\204\217\146\217\206\117\115\177\156\232\214\213\301\116\016\117\341\212\211\213\304\117\060\174\373\176\337}{chapter.5}% 36
\BOOKMARK [2][-]{subsection.5.1.1}{\376\377\171\373\151\015\127\060\126\376\133\130\120\250\116\016\134\125\163\260}{section.5.1}% 37
\BOOKMARK [2][-]{subsection.5.1.2}{\376\377\131\015\163\260\217\146\217\206\117\115\177\156\232\214\213\301\116\016\117\341\212\211\213\304\117\060}{section.5.1}% 38
\BOOKMARK [1][-]{section.5.2}{\376\377\117\040\176\337\123\072\127\127\224\376\124\010\176\246\133\130\120\250\124\214\150\021\162\266\123\072\127\127\224\376\166\364\143\245\133\130\120\250\133\371\153\324}{chapter.5}% 39
\BOOKMARK [2][-]{subsection.5.2.1}{\376\377\133\236\232\214\213\276\213\241\140\035\215\357}{section.5.2}% 40
\BOOKMARK [2][-]{subsection.5.2.2}{\376\377\133\236\232\214\176\323\147\234}{section.5.2}% 41
\BOOKMARK [1][-]{section.5.3}{\376\377\134\017\176\323}{chapter.5}% 42
\BOOKMARK [0][-]{chapter*.25}{\376\377\176\323\000\040\000\040\000\040\000\040\213\272}{}% 43
\BOOKMARK [0][-]{chapter*.26}{\376\377\123\302\200\003\145\207\163\056}{}% 44
\BOOKMARK [0][-]{chapter*.27}{\376\377\226\104\000\040\000\040\000\040\000\040\137\125}{}% 45
\BOOKMARK [1][-]{section.8.1}{\376\377\117\040\176\337\123\072\127\127\224\376\171\301\147\011\224\376\136\372\172\313}{chapter*.27}% 46
\BOOKMARK [1][-]{section.8.2}{\376\377\000T\000r\000u\000f\000f\000l\000e\124\010\176\246\177\026\213\321\116\016\220\350\177\162}{chapter*.27}% 47
\BOOKMARK [1][-]{section.8.3}{\376\377\150\021\162\266\123\072\127\127\224\376\171\301\147\011\224\376\122\033\116\026\127\127}{chapter*.27}% 48
\BOOKMARK [0][-]{chapter*.28}{\376\377\201\364\000\040\000\040\000\040\000\040\214\042}{}% 49
